Starting project at /workspace/us-app/apps/mobile
Starting Metro Bundler
warning: Bundler cache is empty, rebuilding (this may take a minute)
Tunnel connected.
Tunnel ready.
The following packages should be updated for best compatibility with the installed expo version:
  expo@50.0.21 - expected version: 54.0.21
  react@18.2.0 - expected version: 19.1.0
  react-dom@18.2.0 - expected version: 19.1.0
  react-native@0.73.6 - expected version: 0.81.5
  expo-router@3.5.24 - expected version: ~6.0.14
  expo-splash-screen@0.27.7 - expected version: ~31.0.10
  expo-status-bar@1.11.1 - expected version: ~3.0.8
  expo-updates@0.24.13 - expected version: ~29.0.12
  expo-image@1.10.6 - expected version: ~3.0.10
  expo-file-system@16.0.9 - expected version: ~19.0.17
  expo-linear-gradient@12.5.0 - expected version: ~15.0.7
  expo-haptics@12.8.1 - expected version: ~15.0.7
  expo-secure-store@12.0.0 - expected version: ~15.0.7
  expo-web-browser@12.8.2 - expected version: ~15.0.8
  @expo/vector-icons@14.1.0 - expected version: ^15.0.3
  react-native-safe-area-context@4.8.2 - expected version: ~5.6.0
  react-native-screens@3.29.0 - expected version: ~4.16.0
  react-native-gesture-handler@2.14.1 - expected version: ~2.28.0
  react-native-reanimated@3.6.3 - expected version: ~4.1.1
  react-native-svg@14.1.0 - expected version: 15.12.1
  @react-native-async-storage/async-storage@1.24.0 - expected version: 2.2.0
  @shopify/flash-list@1.8.3 - expected version: 2.0.2
  jest-expo@50.0.4 - expected version: ~54.0.13
  @types/react@18.2.21 - expected version: ~19.1.10
  typescript@5.3.3 - expected version: ~5.9.2
Your project may not work correctly until you install the correct versions of the packages.
Waiting on http://localhost:8090
Logs for your project will appear below.
iOS Bundled 34311ms (index.js)
Error: ENOENT: no such file or directory, watch '/workspace/us-app/node_modules/.pnpm/metro-symbolicate@0.83.2/node_modules/metro-symbolicate_tmp_17302/src'
    at FSWatcher.<computed> (node:internal/fs/watchers:247:19)
    at Object.watch (node:fs:2418:34)
    at NodeWatcher._watchdir (/workspace/us-app/node_modules/.pnpm/metro-file-map@0.80.12/node_modules/metro-file-map/src/watchers/NodeWatcher.js:89:24)
    at /workspace/us-app/node_modules/.pnpm/metro-file-map@0.80.12/node_modules/metro-file-map/src/watchers/NodeWatcher.js:185:22
    at Walker.<anonymous> (/workspace/us-app/node_modules/.pnpm/metro-file-map@0.80.12/node_modules/metro-file-map/src/watchers/common.js:81:31)
    at Walker.emit (node:events:517:28)
    at /workspace/us-app/node_modules/.pnpm/walker@1.0.8/node_modules/walker/lib/walker.js:69:16
    at FSReqCallback.oncomplete (node:fs:192:23)
